<?xml version="1.0" encoding="UTF-8"?>
<!-- Generated by org.testng.reporters.JUnitReportReporter -->
<testsuite hostname="DESKTOP-RM10J7R" failures="0" tests="1" name="TestClass" time="0.013" errors="0" timestamp="2024-01-10T23:10:07 BDT" skipped="0">
  <testcase classname="TestClass" name="rain" time="0.013"/>
</testsuite> <!-- TestClass -->
